######## begin of GPX_Lactococcus-lactis_GSH-0001.log #########
Glide version 98128 (mmshare version 61128)
mmshare         4006a1f061
glide-src       5a2936bf79
psp-src         f38ea8d73b
macromodel-src  6316add16d
epik-src        7026e3f65a

Copyright (c) Schrodinger, LLC.
All Rights Reserved.

--------------------------------------------------------------------------------
JobId          : cactus-X11DAi-N-1-67619af9
Name           : GPX_Lactococcus-lactis_GSH-0001
Program        : Glide
Version        : 2023-1 build 128
Host           : cactus-X11DAi-N
Dir            : /home/cactus/Programs/schrodinger2023-1/scratch/cactus/GPX_Lactococcus-lactis_GSH
HostEntry      : localhost
JobHost        : cactus-X11DAi-N
JobDir         : /home/cactus/Programs/schrodinger2023-1/scratch/cactus/GPX_Lactococcus-lactis_GSH-0001
JobSchrodinger : /home/cactus/Programs/schrodinger2023-1
Commandline    : /home/cactus/Programs/schrodinger2023-1/glide -RESTART -serial GPX_Lactococcus-lactis_GSH-0001.inp -HOST localhost
StartTime      : 2024-12-17-16:38:33
--------------------------------------------------------------------------------

 VdW radii of ligand atoms scaled by   0.800000000000000     
 Charge cutoff for polarity   0.150000000000000     
 After readscreen, (nx, ny, nz) = (          30 ,           30 ,           30 ).
  Receptor setup: (nsites, nx, ny, nz, bsize)=(         125 ,           30 , 
          30 ,           30 ,    1.00000000000000      ).
 Screening setup finished.
 DOCKMAIN: getting receptor.
  DOCKMAIN after grid: (nx, ny, nz) = (          80 ,           80 , 
          80 ).
 DOCKMAIN: Grid setup finished
Calling OPLS_2005 atomtyping ...
Finished parameter assignment

Reading torsion control file '/home/cactus/Programs/schrodinger2023-1/glide-v9.8/bin/Linux-x86_64/../../data/torcontrol.txt':
  
  Using generalized torsion control 
  
 Number of rotatable bonds           12
 Using templates for ring conformations.

GlideScore version SP5.0 will be used

  
 Buried polar penalty      0.000
 Coulomb vdW cutoff        0.000
 H bond cutoff             0.000
 Metal-ligand cutoff      10.000
Assigning GlideScore SP5.0 parameters
Postdocking minimization: 100 poses; CvdW cutoffs   100.0 kcal/mol for min,     0.0 kcal/mol for report.
GlideScore(   -4.02)+Epik State Penalty(    0.00) =    -4.02 kcal/mol
GlideScore(   -3.99)+Epik State Penalty(    0.00) =    -3.99 kcal/mol
GlideScore(   -4.14)+Epik State Penalty(    0.00) =    -4.14 kcal/mol
GlideScore(   -4.23)+Epik State Penalty(    0.00) =    -4.23 kcal/mol
GlideScore(   -4.04)+Epik State Penalty(    0.00) =    -4.04 kcal/mol
GlideScore(   -3.76)+Epik State Penalty(    0.00) =    -3.76 kcal/mol
GlideScore(   -3.61)+Epik State Penalty(    0.00) =    -3.61 kcal/mol
GlideScore(   -4.02)+Epik State Penalty(    0.00) =    -4.02 kcal/mol
GlideScore(   -3.72)+Epik State Penalty(    0.00) =    -3.72 kcal/mol
GlideScore(   -3.71)+Epik State Penalty(    0.00) =    -3.71 kcal/mol
GlideScore(   -4.00)+Epik State Penalty(    0.00) =    -4.00 kcal/mol
GlideScore(   -3.84)+Epik State Penalty(    0.00) =    -3.84 kcal/mol
GlideScore(   -3.40)+Epik State Penalty(    0.00) =    -3.40 kcal/mol
GlideScore(   -3.44)+Epik State Penalty(    0.00) =    -3.44 kcal/mol
GlideScore(   -3.34)+Epik State Penalty(    0.00) =    -3.34 kcal/mol
GlideScore(   -3.35)+Epik State Penalty(    0.00) =    -3.35 kcal/mol
GlideScore(   -3.28)+Epik State Penalty(    0.00) =    -3.28 kcal/mol
GlideScore(   -3.73)+Epik State Penalty(    0.00) =    -3.73 kcal/mol
GlideScore(   -3.42)+Epik State Penalty(    0.00) =    -3.42 kcal/mol
GlideScore(   -3.70)+Epik State Penalty(    0.00) =    -3.70 kcal/mol
GlideScore(   -3.45)+Epik State Penalty(    0.00) =    -3.45 kcal/mol
GlideScore(   -3.37)+Epik State Penalty(    0.00) =    -3.37 kcal/mol
GlideScore(   -3.45)+Epik State Penalty(    0.00) =    -3.45 kcal/mol
GlideScore(   -3.29)+Epik State Penalty(    0.00) =    -3.29 kcal/mol
GlideScore(   -3.42)+Epik State Penalty(    0.00) =    -3.42 kcal/mol
GlideScore(   -3.37)+Epik State Penalty(    0.00) =    -3.37 kcal/mol
GlideScore(   -3.62)+Epik State Penalty(    0.00) =    -3.62 kcal/mol
GlideScore(   -3.27)+Epik State Penalty(    0.00) =    -3.27 kcal/mol
GlideScore(   -3.41)+Epik State Penalty(    0.00) =    -3.41 kcal/mol
GlideScore(   -3.16)+Epik State Penalty(    0.00) =    -3.16 kcal/mol
GlideScore(   -3.42)+Epik State Penalty(    0.00) =    -3.42 kcal/mol
GlideScore(   -3.18)+Epik State Penalty(    0.00) =    -3.18 kcal/mol
GlideScore(   -3.24)+Epik State Penalty(    0.00) =    -3.24 kcal/mol
GlideScore(   -3.31)+Epik State Penalty(    0.00) =    -3.31 kcal/mol
GlideScore(   -3.51)+Epik State Penalty(    0.00) =    -3.51 kcal/mol
GlideScore(   -3.31)+Epik State Penalty(    0.00) =    -3.31 kcal/mol
GlideScore(   -3.51)+Epik State Penalty(    0.00) =    -3.51 kcal/mol
GlideScore(   -3.02)+Epik State Penalty(    0.00) =    -3.02 kcal/mol
GlideScore(   -3.20)+Epik State Penalty(    0.00) =    -3.20 kcal/mol
GlideScore(   -3.33)+Epik State Penalty(    0.00) =    -3.33 kcal/mol
GlideScore(   -3.28)+Epik State Penalty(    0.00) =    -3.28 kcal/mol
GlideScore(   -3.34)+Epik State Penalty(    0.00) =    -3.34 kcal/mol
GlideScore(   -3.07)+Epik State Penalty(    0.00) =    -3.07 kcal/mol
GlideScore(   -3.18)+Epik State Penalty(    0.00) =    -3.18 kcal/mol
GlideScore(   -3.36)+Epik State Penalty(    0.00) =    -3.36 kcal/mol
GlideScore(   -3.21)+Epik State Penalty(    0.00) =    -3.21 kcal/mol
GlideScore(   -2.99)+Epik State Penalty(    0.00) =    -2.99 kcal/mol
GlideScore(   -3.59)+Epik State Penalty(    0.00) =    -3.59 kcal/mol
GlideScore(   -3.08)+Epik State Penalty(    0.00) =    -3.08 kcal/mol
GlideScore(   -3.59)+Epik State Penalty(    0.00) =    -3.59 kcal/mol
GlideScore(   -3.16)+Epik State Penalty(    0.00) =    -3.16 kcal/mol
GlideScore(   -2.86)+Epik State Penalty(    0.00) =    -2.86 kcal/mol
GlideScore(   -3.13)+Epik State Penalty(    0.00) =    -3.13 kcal/mol
GlideScore(   -3.18)+Epik State Penalty(    0.00) =    -3.18 kcal/mol
GlideScore(   -2.74)+Epik State Penalty(    0.00) =    -2.74 kcal/mol
GlideScore(   -2.86)+Epik State Penalty(    0.00) =    -2.86 kcal/mol
GlideScore(   -2.93)+Epik State Penalty(    0.00) =    -2.93 kcal/mol
GlideScore(   -3.06)+Epik State Penalty(    0.00) =    -3.06 kcal/mol
GlideScore(   -2.50)+Epik State Penalty(    0.00) =    -2.50 kcal/mol
GlideScore(   -2.85)+Epik State Penalty(    0.00) =    -2.85 kcal/mol
GlideScore(   -2.57)+Epik State Penalty(    0.00) =    -2.57 kcal/mol
GlideScore(   -2.62)+Epik State Penalty(    0.00) =    -2.62 kcal/mol
GlideScore(   -2.77)+Epik State Penalty(    0.00) =    -2.77 kcal/mol
GlideScore(   -2.48)+Epik State Penalty(    0.00) =    -2.48 kcal/mol
GlideScore(   -3.06)+Epik State Penalty(    0.00) =    -3.06 kcal/mol
GlideScore(   -3.04)+Epik State Penalty(    0.00) =    -3.04 kcal/mol
GlideScore(   -2.58)+Epik State Penalty(    0.00) =    -2.58 kcal/mol
GlideScore(   -2.56)+Epik State Penalty(    0.00) =    -2.56 kcal/mol
GlideScore(   -2.96)+Epik State Penalty(    0.00) =    -2.96 kcal/mol
GlideScore(   -2.62)+Epik State Penalty(    0.00) =    -2.62 kcal/mol
GlideScore(   -2.71)+Epik State Penalty(    0.00) =    -2.71 kcal/mol
GlideScore(   -2.78)+Epik State Penalty(    0.00) =    -2.78 kcal/mol
GlideScore(   -2.61)+Epik State Penalty(    0.00) =    -2.61 kcal/mol
GlideScore(   -2.71)+Epik State Penalty(    0.00) =    -2.71 kcal/mol
GlideScore(   -2.60)+Epik State Penalty(    0.00) =    -2.60 kcal/mol
GlideScore(   -2.60)+Epik State Penalty(    0.00) =    -2.60 kcal/mol
GlideScore(   -2.39)+Epik State Penalty(    0.00) =    -2.39 kcal/mol
GlideScore(   -2.16)+Epik State Penalty(    0.00) =    -2.16 kcal/mol
GlideScore(   -2.81)+Epik State Penalty(    0.00) =    -2.81 kcal/mol
GlideScore(   -2.63)+Epik State Penalty(    0.00) =    -2.63 kcal/mol
GlideScore(   -2.47)+Epik State Penalty(    0.00) =    -2.47 kcal/mol
GlideScore(   -2.61)+Epik State Penalty(    0.00) =    -2.61 kcal/mol
GlideScore(   -2.15)+Epik State Penalty(    0.00) =    -2.15 kcal/mol
GlideScore(   -2.27)+Epik State Penalty(    0.00) =    -2.27 kcal/mol
GlideScore(   -2.52)+Epik State Penalty(    0.00) =    -2.52 kcal/mol
GlideScore(   -2.27)+Epik State Penalty(    0.00) =    -2.27 kcal/mol
GlideScore(   -2.44)+Epik State Penalty(    0.00) =    -2.44 kcal/mol
GlideScore(   -2.52)+Epik State Penalty(    0.00) =    -2.52 kcal/mol
GlideScore(   -2.44)+Epik State Penalty(    0.00) =    -2.44 kcal/mol
GlideScore(   -2.24)+Epik State Penalty(    0.00) =    -2.24 kcal/mol
DOCKING RESULTS FOR LIGAND        1 (ligand_           1)
Best Emodel=   -42.98 E=   -31.86 Eint=     6.58 GlideScore=    -4.02
  
 REPORT OF DOCKED POSES
  
 The ligand structures were written to the file
GPX_Lactococcus-lactis_GSH-0001_raw.maegz

Exiting Glide
Date: Tuesday, December 17 2024, at 16:38:57 CET
CPU time (s): 20.3 user, 0.6 system, 21.1 real
Total elapsed time = 21 seconds
######## end of GPX_Lactococcus-lactis_GSH-0001.log #########
