######## begin of GPX_Gossypium-hirsutum_GSH-0001.log #########
Glide version 98128 (mmshare version 61128)
mmshare         4006a1f061
glide-src       5a2936bf79
psp-src         f38ea8d73b
macromodel-src  6316add16d
epik-src        7026e3f65a

Copyright (c) Schrodinger, LLC.
All Rights Reserved.

--------------------------------------------------------------------------------
JobId          : cactus-X11DAi-N-2-67619af9
Name           : GPX_Gossypium-hirsutum_GSH-0001
Program        : Glide
Version        : 2023-1 build 128
Host           : cactus-X11DAi-N
Dir            : /home/cactus/Programs/schrodinger2023-1/scratch/cactus/GPX_Gossypium-hirsutum_GSH
HostEntry      : localhost
JobHost        : cactus-X11DAi-N
JobDir         : /home/cactus/Programs/schrodinger2023-1/scratch/cactus/GPX_Gossypium-hirsutum_GSH-0001
JobSchrodinger : /home/cactus/Programs/schrodinger2023-1
Commandline    : /home/cactus/Programs/schrodinger2023-1/glide -RESTART -serial GPX_Gossypium-hirsutum_GSH-0001.inp -HOST localhost
StartTime      : 2024-12-17-16:38:33
--------------------------------------------------------------------------------

 VdW radii of ligand atoms scaled by   0.800000000000000     
 Charge cutoff for polarity   0.150000000000000     
 After readscreen, (nx, ny, nz) = (          30 ,           30 ,           30 ).
  Receptor setup: (nsites, nx, ny, nz, bsize)=(         125 ,           30 , 
          30 ,           30 ,    1.00000000000000      ).
 Screening setup finished.
 DOCKMAIN: getting receptor.
  DOCKMAIN after grid: (nx, ny, nz) = (          80 ,           80 , 
          80 ).
 DOCKMAIN: Grid setup finished
Calling OPLS_2005 atomtyping ...
Finished parameter assignment

Reading torsion control file '/home/cactus/Programs/schrodinger2023-1/glide-v9.8/bin/Linux-x86_64/../../data/torcontrol.txt':
  
  Using generalized torsion control 
  
 Number of rotatable bonds           12
 Using templates for ring conformations.

GlideScore version SP5.0 will be used

  
 Buried polar penalty      0.000
 Coulomb vdW cutoff        0.000
 H bond cutoff             0.000
 Metal-ligand cutoff      10.000
Assigning GlideScore SP5.0 parameters
Postdocking minimization: 100 poses; CvdW cutoffs   100.0 kcal/mol for min,     0.0 kcal/mol for report.
GlideScore(   -4.37)+Epik State Penalty(    0.00) =    -4.37 kcal/mol
GlideScore(   -4.86)+Epik State Penalty(    0.00) =    -4.86 kcal/mol
GlideScore(   -4.27)+Epik State Penalty(    0.00) =    -4.27 kcal/mol
GlideScore(   -4.69)+Epik State Penalty(    0.00) =    -4.69 kcal/mol
GlideScore(   -4.30)+Epik State Penalty(    0.00) =    -4.30 kcal/mol
GlideScore(   -4.60)+Epik State Penalty(    0.00) =    -4.60 kcal/mol
GlideScore(   -4.51)+Epik State Penalty(    0.00) =    -4.51 kcal/mol
GlideScore(   -4.36)+Epik State Penalty(    0.00) =    -4.36 kcal/mol
GlideScore(   -4.11)+Epik State Penalty(    0.00) =    -4.11 kcal/mol
GlideScore(   -4.45)+Epik State Penalty(    0.00) =    -4.45 kcal/mol
GlideScore(   -4.36)+Epik State Penalty(    0.00) =    -4.36 kcal/mol
GlideScore(   -4.14)+Epik State Penalty(    0.00) =    -4.14 kcal/mol
GlideScore(   -4.15)+Epik State Penalty(    0.00) =    -4.15 kcal/mol
GlideScore(   -4.34)+Epik State Penalty(    0.00) =    -4.34 kcal/mol
GlideScore(   -4.02)+Epik State Penalty(    0.00) =    -4.02 kcal/mol
GlideScore(   -4.61)+Epik State Penalty(    0.00) =    -4.61 kcal/mol
GlideScore(   -4.40)+Epik State Penalty(    0.00) =    -4.40 kcal/mol
GlideScore(   -4.32)+Epik State Penalty(    0.00) =    -4.32 kcal/mol
GlideScore(   -3.95)+Epik State Penalty(    0.00) =    -3.95 kcal/mol
GlideScore(   -4.03)+Epik State Penalty(    0.00) =    -4.03 kcal/mol
GlideScore(   -4.07)+Epik State Penalty(    0.00) =    -4.07 kcal/mol
GlideScore(   -4.37)+Epik State Penalty(    0.00) =    -4.37 kcal/mol
GlideScore(   -3.90)+Epik State Penalty(    0.00) =    -3.90 kcal/mol
GlideScore(   -3.81)+Epik State Penalty(    0.00) =    -3.81 kcal/mol
GlideScore(   -4.37)+Epik State Penalty(    0.00) =    -4.37 kcal/mol
GlideScore(   -4.06)+Epik State Penalty(    0.00) =    -4.06 kcal/mol
GlideScore(   -4.12)+Epik State Penalty(    0.00) =    -4.12 kcal/mol
GlideScore(   -4.47)+Epik State Penalty(    0.00) =    -4.47 kcal/mol
GlideScore(   -4.00)+Epik State Penalty(    0.00) =    -4.00 kcal/mol
GlideScore(   -3.89)+Epik State Penalty(    0.00) =    -3.89 kcal/mol
GlideScore(   -4.40)+Epik State Penalty(    0.00) =    -4.40 kcal/mol
GlideScore(   -4.17)+Epik State Penalty(    0.00) =    -4.17 kcal/mol
GlideScore(   -4.05)+Epik State Penalty(    0.00) =    -4.05 kcal/mol
GlideScore(   -4.04)+Epik State Penalty(    0.00) =    -4.04 kcal/mol
GlideScore(   -3.30)+Epik State Penalty(    0.00) =    -3.30 kcal/mol
GlideScore(   -4.39)+Epik State Penalty(    0.00) =    -4.39 kcal/mol
GlideScore(   -3.39)+Epik State Penalty(    0.00) =    -3.39 kcal/mol
GlideScore(   -3.83)+Epik State Penalty(    0.00) =    -3.83 kcal/mol
GlideScore(   -3.39)+Epik State Penalty(    0.00) =    -3.39 kcal/mol
GlideScore(   -4.13)+Epik State Penalty(    0.00) =    -4.13 kcal/mol
GlideScore(   -3.95)+Epik State Penalty(    0.00) =    -3.95 kcal/mol
GlideScore(   -4.16)+Epik State Penalty(    0.00) =    -4.16 kcal/mol
GlideScore(   -4.07)+Epik State Penalty(    0.00) =    -4.07 kcal/mol
GlideScore(   -3.69)+Epik State Penalty(    0.00) =    -3.69 kcal/mol
GlideScore(   -3.59)+Epik State Penalty(    0.00) =    -3.59 kcal/mol
GlideScore(   -3.19)+Epik State Penalty(    0.00) =    -3.19 kcal/mol
GlideScore(   -3.74)+Epik State Penalty(    0.00) =    -3.74 kcal/mol
GlideScore(   -3.62)+Epik State Penalty(    0.00) =    -3.62 kcal/mol
GlideScore(   -3.14)+Epik State Penalty(    0.00) =    -3.14 kcal/mol
GlideScore(   -3.50)+Epik State Penalty(    0.00) =    -3.50 kcal/mol
GlideScore(   -3.77)+Epik State Penalty(    0.00) =    -3.77 kcal/mol
GlideScore(   -3.21)+Epik State Penalty(    0.00) =    -3.21 kcal/mol
GlideScore(   -3.23)+Epik State Penalty(    0.00) =    -3.23 kcal/mol
GlideScore(   -2.92)+Epik State Penalty(    0.00) =    -2.92 kcal/mol
GlideScore(   -3.30)+Epik State Penalty(    0.00) =    -3.30 kcal/mol
GlideScore(   -3.41)+Epik State Penalty(    0.00) =    -3.41 kcal/mol
GlideScore(   -3.54)+Epik State Penalty(    0.00) =    -3.54 kcal/mol
GlideScore(   -3.30)+Epik State Penalty(    0.00) =    -3.30 kcal/mol
GlideScore(   -3.49)+Epik State Penalty(    0.00) =    -3.49 kcal/mol
GlideScore(   -3.33)+Epik State Penalty(    0.00) =    -3.33 kcal/mol
GlideScore(   -3.00)+Epik State Penalty(    0.00) =    -3.00 kcal/mol
GlideScore(   -3.07)+Epik State Penalty(    0.00) =    -3.07 kcal/mol
GlideScore(   -3.85)+Epik State Penalty(    0.00) =    -3.85 kcal/mol
GlideScore(   -2.90)+Epik State Penalty(    0.00) =    -2.90 kcal/mol
GlideScore(   -2.88)+Epik State Penalty(    0.00) =    -2.88 kcal/mol
GlideScore(   -3.42)+Epik State Penalty(    0.00) =    -3.42 kcal/mol
GlideScore(   -3.28)+Epik State Penalty(    0.00) =    -3.28 kcal/mol
GlideScore(   -3.18)+Epik State Penalty(    0.00) =    -3.18 kcal/mol
GlideScore(   -3.23)+Epik State Penalty(    0.00) =    -3.23 kcal/mol
GlideScore(   -3.60)+Epik State Penalty(    0.00) =    -3.60 kcal/mol
GlideScore(   -3.35)+Epik State Penalty(    0.00) =    -3.35 kcal/mol
GlideScore(   -3.46)+Epik State Penalty(    0.00) =    -3.46 kcal/mol
GlideScore(   -2.89)+Epik State Penalty(    0.00) =    -2.89 kcal/mol
GlideScore(   -2.67)+Epik State Penalty(    0.00) =    -2.67 kcal/mol
GlideScore(   -3.43)+Epik State Penalty(    0.00) =    -3.43 kcal/mol
GlideScore(   -3.28)+Epik State Penalty(    0.00) =    -3.28 kcal/mol
GlideScore(   -3.38)+Epik State Penalty(    0.00) =    -3.38 kcal/mol
GlideScore(   -3.23)+Epik State Penalty(    0.00) =    -3.23 kcal/mol
GlideScore(   -3.33)+Epik State Penalty(    0.00) =    -3.33 kcal/mol
GlideScore(   -2.91)+Epik State Penalty(    0.00) =    -2.91 kcal/mol
GlideScore(   -3.12)+Epik State Penalty(    0.00) =    -3.12 kcal/mol
GlideScore(   -3.26)+Epik State Penalty(    0.00) =    -3.26 kcal/mol
GlideScore(   -2.87)+Epik State Penalty(    0.00) =    -2.87 kcal/mol
GlideScore(   -3.23)+Epik State Penalty(    0.00) =    -3.23 kcal/mol
GlideScore(   -2.99)+Epik State Penalty(    0.00) =    -2.99 kcal/mol
GlideScore(   -3.48)+Epik State Penalty(    0.00) =    -3.48 kcal/mol
GlideScore(   -2.31)+Epik State Penalty(    0.00) =    -2.31 kcal/mol
GlideScore(   -2.46)+Epik State Penalty(    0.00) =    -2.46 kcal/mol
GlideScore(   -2.86)+Epik State Penalty(    0.00) =    -2.86 kcal/mol
GlideScore(   -2.59)+Epik State Penalty(    0.00) =    -2.59 kcal/mol
DOCKING RESULTS FOR LIGAND        1 (ligand_           1)
Best Emodel=   -45.73 E=   -32.88 Eint=     5.84 GlideScore=    -4.37
  
 REPORT OF DOCKED POSES
  
 The ligand structures were written to the file
GPX_Gossypium-hirsutum_GSH-0001_raw.maegz

Exiting Glide
Date: Tuesday, December 17 2024, at 16:38:59 CET
CPU time (s): 22.2 user, 0.6 system, 23.1 real
Total elapsed time = 23 seconds
######## end of GPX_Gossypium-hirsutum_GSH-0001.log #########
