######## begin of GPX_Staphylococcus-aureus_GSH-0001.log #########
Glide version 98128 (mmshare version 61128)
mmshare         4006a1f061
glide-src       5a2936bf79
psp-src         f38ea8d73b
macromodel-src  6316add16d
epik-src        7026e3f65a

Copyright (c) Schrodinger, LLC.
All Rights Reserved.

--------------------------------------------------------------------------------
JobId          : cactus-X11DAi-N-3-67619af9
Name           : GPX_Staphylococcus-aureus_GSH-0001
Program        : Glide
Version        : 2023-1 build 128
Host           : cactus-X11DAi-N
Dir            : /home/cactus/Programs/schrodinger2023-1/scratch/cactus/GPX_Staphylococcus-aureus_GSH
HostEntry      : localhost
JobHost        : cactus-X11DAi-N
JobDir         : /home/cactus/Programs/schrodinger2023-1/scratch/cactus/GPX_Staphylococcus-aureus_GSH-0001
JobSchrodinger : /home/cactus/Programs/schrodinger2023-1
Commandline    : /home/cactus/Programs/schrodinger2023-1/glide -RESTART -serial GPX_Staphylococcus-aureus_GSH-0001.inp -HOST localhost
StartTime      : 2024-12-17-16:38:34
--------------------------------------------------------------------------------

 VdW radii of ligand atoms scaled by   0.800000000000000     
 Charge cutoff for polarity   0.150000000000000     
 After readscreen, (nx, ny, nz) = (          30 ,           30 ,           30 ).
  Receptor setup: (nsites, nx, ny, nz, bsize)=(         125 ,           30 , 
          30 ,           30 ,    1.00000000000000      ).
 Screening setup finished.
 DOCKMAIN: getting receptor.
  DOCKMAIN after grid: (nx, ny, nz) = (          80 ,           80 , 
          80 ).
 DOCKMAIN: Grid setup finished
Calling OPLS_2005 atomtyping ...
Finished parameter assignment

Reading torsion control file '/home/cactus/Programs/schrodinger2023-1/glide-v9.8/bin/Linux-x86_64/../../data/torcontrol.txt':
  
  Using generalized torsion control 
  
 Number of rotatable bonds           12
 Using templates for ring conformations.

GlideScore version SP5.0 will be used

  
 Buried polar penalty      0.000
 Coulomb vdW cutoff        0.000
 H bond cutoff             0.000
 Metal-ligand cutoff      10.000
Assigning GlideScore SP5.0 parameters
Postdocking minimization: 100 poses; CvdW cutoffs   100.0 kcal/mol for min,     0.0 kcal/mol for report.
GlideScore(   -3.97)+Epik State Penalty(    0.00) =    -3.97 kcal/mol
GlideScore(   -4.33)+Epik State Penalty(    0.00) =    -4.33 kcal/mol
GlideScore(   -3.73)+Epik State Penalty(    0.00) =    -3.73 kcal/mol
GlideScore(   -3.71)+Epik State Penalty(    0.00) =    -3.71 kcal/mol
GlideScore(   -3.97)+Epik State Penalty(    0.00) =    -3.97 kcal/mol
GlideScore(   -4.25)+Epik State Penalty(    0.00) =    -4.25 kcal/mol
GlideScore(   -3.69)+Epik State Penalty(    0.00) =    -3.69 kcal/mol
GlideScore(   -3.70)+Epik State Penalty(    0.00) =    -3.70 kcal/mol
GlideScore(   -4.02)+Epik State Penalty(    0.00) =    -4.02 kcal/mol
GlideScore(   -3.92)+Epik State Penalty(    0.00) =    -3.92 kcal/mol
GlideScore(   -3.80)+Epik State Penalty(    0.00) =    -3.80 kcal/mol
GlideScore(   -4.01)+Epik State Penalty(    0.00) =    -4.01 kcal/mol
GlideScore(   -4.03)+Epik State Penalty(    0.00) =    -4.03 kcal/mol
GlideScore(   -3.81)+Epik State Penalty(    0.00) =    -3.81 kcal/mol
GlideScore(   -3.84)+Epik State Penalty(    0.00) =    -3.84 kcal/mol
GlideScore(   -3.37)+Epik State Penalty(    0.00) =    -3.37 kcal/mol
GlideScore(   -3.41)+Epik State Penalty(    0.00) =    -3.41 kcal/mol
GlideScore(   -3.36)+Epik State Penalty(    0.00) =    -3.36 kcal/mol
GlideScore(   -3.96)+Epik State Penalty(    0.00) =    -3.96 kcal/mol
GlideScore(   -3.32)+Epik State Penalty(    0.00) =    -3.32 kcal/mol
GlideScore(   -3.53)+Epik State Penalty(    0.00) =    -3.53 kcal/mol
GlideScore(   -3.57)+Epik State Penalty(    0.00) =    -3.57 kcal/mol
GlideScore(   -3.18)+Epik State Penalty(    0.00) =    -3.18 kcal/mol
GlideScore(   -3.58)+Epik State Penalty(    0.00) =    -3.58 kcal/mol
GlideScore(   -3.82)+Epik State Penalty(    0.00) =    -3.82 kcal/mol
GlideScore(   -3.39)+Epik State Penalty(    0.00) =    -3.39 kcal/mol
GlideScore(   -3.36)+Epik State Penalty(    0.00) =    -3.36 kcal/mol
GlideScore(   -3.13)+Epik State Penalty(    0.00) =    -3.13 kcal/mol
GlideScore(   -3.43)+Epik State Penalty(    0.00) =    -3.43 kcal/mol
GlideScore(   -3.23)+Epik State Penalty(    0.00) =    -3.23 kcal/mol
GlideScore(   -3.45)+Epik State Penalty(    0.00) =    -3.45 kcal/mol
GlideScore(   -3.68)+Epik State Penalty(    0.00) =    -3.68 kcal/mol
GlideScore(   -3.38)+Epik State Penalty(    0.00) =    -3.38 kcal/mol
GlideScore(   -3.37)+Epik State Penalty(    0.00) =    -3.37 kcal/mol
GlideScore(   -3.63)+Epik State Penalty(    0.00) =    -3.63 kcal/mol
GlideScore(   -3.49)+Epik State Penalty(    0.00) =    -3.49 kcal/mol
GlideScore(   -3.27)+Epik State Penalty(    0.00) =    -3.27 kcal/mol
GlideScore(   -3.32)+Epik State Penalty(    0.00) =    -3.32 kcal/mol
GlideScore(   -3.61)+Epik State Penalty(    0.00) =    -3.61 kcal/mol
GlideScore(   -3.42)+Epik State Penalty(    0.00) =    -3.42 kcal/mol
GlideScore(   -3.64)+Epik State Penalty(    0.00) =    -3.64 kcal/mol
GlideScore(   -3.61)+Epik State Penalty(    0.00) =    -3.61 kcal/mol
GlideScore(   -3.25)+Epik State Penalty(    0.00) =    -3.25 kcal/mol
GlideScore(   -3.32)+Epik State Penalty(    0.00) =    -3.32 kcal/mol
GlideScore(   -3.26)+Epik State Penalty(    0.00) =    -3.26 kcal/mol
GlideScore(   -3.35)+Epik State Penalty(    0.00) =    -3.35 kcal/mol
GlideScore(   -3.74)+Epik State Penalty(    0.00) =    -3.74 kcal/mol
GlideScore(   -3.77)+Epik State Penalty(    0.00) =    -3.77 kcal/mol
GlideScore(   -3.34)+Epik State Penalty(    0.00) =    -3.34 kcal/mol
GlideScore(   -3.42)+Epik State Penalty(    0.00) =    -3.42 kcal/mol
GlideScore(   -3.44)+Epik State Penalty(    0.00) =    -3.44 kcal/mol
GlideScore(   -3.07)+Epik State Penalty(    0.00) =    -3.07 kcal/mol
GlideScore(   -3.24)+Epik State Penalty(    0.00) =    -3.24 kcal/mol
GlideScore(   -3.38)+Epik State Penalty(    0.00) =    -3.38 kcal/mol
GlideScore(   -3.15)+Epik State Penalty(    0.00) =    -3.15 kcal/mol
GlideScore(   -3.00)+Epik State Penalty(    0.00) =    -3.00 kcal/mol
GlideScore(   -3.62)+Epik State Penalty(    0.00) =    -3.62 kcal/mol
GlideScore(   -3.26)+Epik State Penalty(    0.00) =    -3.26 kcal/mol
GlideScore(   -2.88)+Epik State Penalty(    0.00) =    -2.88 kcal/mol
GlideScore(   -2.96)+Epik State Penalty(    0.00) =    -2.96 kcal/mol
GlideScore(   -3.08)+Epik State Penalty(    0.00) =    -3.08 kcal/mol
GlideScore(   -3.50)+Epik State Penalty(    0.00) =    -3.50 kcal/mol
GlideScore(   -3.23)+Epik State Penalty(    0.00) =    -3.23 kcal/mol
GlideScore(   -3.38)+Epik State Penalty(    0.00) =    -3.38 kcal/mol
GlideScore(   -3.47)+Epik State Penalty(    0.00) =    -3.47 kcal/mol
GlideScore(   -3.20)+Epik State Penalty(    0.00) =    -3.20 kcal/mol
GlideScore(   -2.73)+Epik State Penalty(    0.00) =    -2.73 kcal/mol
GlideScore(   -3.29)+Epik State Penalty(    0.00) =    -3.29 kcal/mol
GlideScore(   -3.31)+Epik State Penalty(    0.00) =    -3.31 kcal/mol
GlideScore(   -3.18)+Epik State Penalty(    0.00) =    -3.18 kcal/mol
GlideScore(   -3.01)+Epik State Penalty(    0.00) =    -3.01 kcal/mol
GlideScore(   -3.15)+Epik State Penalty(    0.00) =    -3.15 kcal/mol
GlideScore(   -3.25)+Epik State Penalty(    0.00) =    -3.25 kcal/mol
GlideScore(   -2.64)+Epik State Penalty(    0.00) =    -2.64 kcal/mol
GlideScore(   -3.32)+Epik State Penalty(    0.00) =    -3.32 kcal/mol
GlideScore(   -3.17)+Epik State Penalty(    0.00) =    -3.17 kcal/mol
GlideScore(   -2.93)+Epik State Penalty(    0.00) =    -2.93 kcal/mol
GlideScore(   -3.52)+Epik State Penalty(    0.00) =    -3.52 kcal/mol
GlideScore(   -2.90)+Epik State Penalty(    0.00) =    -2.90 kcal/mol
GlideScore(   -2.91)+Epik State Penalty(    0.00) =    -2.91 kcal/mol
GlideScore(   -2.91)+Epik State Penalty(    0.00) =    -2.91 kcal/mol
GlideScore(   -2.92)+Epik State Penalty(    0.00) =    -2.92 kcal/mol
GlideScore(   -2.72)+Epik State Penalty(    0.00) =    -2.72 kcal/mol
GlideScore(   -2.69)+Epik State Penalty(    0.00) =    -2.69 kcal/mol
GlideScore(   -2.82)+Epik State Penalty(    0.00) =    -2.82 kcal/mol
GlideScore(   -2.88)+Epik State Penalty(    0.00) =    -2.88 kcal/mol
GlideScore(   -2.86)+Epik State Penalty(    0.00) =    -2.86 kcal/mol
GlideScore(   -2.76)+Epik State Penalty(    0.00) =    -2.76 kcal/mol
GlideScore(   -2.75)+Epik State Penalty(    0.00) =    -2.75 kcal/mol
GlideScore(   -2.39)+Epik State Penalty(    0.00) =    -2.39 kcal/mol
DOCKING RESULTS FOR LIGAND        1 (ligand_           1)
Best Emodel=   -44.81 E=   -32.24 Eint=     3.27 GlideScore=    -3.97
  
 REPORT OF DOCKED POSES
  
 The ligand structures were written to the file
GPX_Staphylococcus-aureus_GSH-0001_raw.maegz

Exiting Glide
Date: Tuesday, December 17 2024, at 16:38:56 CET
CPU time (s): 19.4 user, 0.7 system, 20.3 real
Total elapsed time = 20 seconds
######## end of GPX_Staphylococcus-aureus_GSH-0001.log #########
