######## begin of GPX_Bacillus-subtilis_GSH-0001.log #########
Glide version 98128 (mmshare version 61128)
mmshare         4006a1f061
glide-src       5a2936bf79
psp-src         f38ea8d73b
macromodel-src  6316add16d
epik-src        7026e3f65a

Copyright (c) Schrodinger, LLC.
All Rights Reserved.

--------------------------------------------------------------------------------
JobId          : cactus-X11DAi-N-0-6760b174
Name           : GPX_Bacillus-subtilis_GSH-0001
Program        : Glide
Version        : 2023-1 build 128
Host           : cactus-X11DAi-N
Dir            : /home/cactus/Programs/schrodinger2023-1/scratch/cactus/GPX_Bacillus-subtilis_GSH
HostEntry      : localhost
JobHost        : cactus-X11DAi-N
JobDir         : /home/cactus/Programs/schrodinger2023-1/scratch/cactus/GPX_Bacillus-subtilis_GSH-0001
JobSchrodinger : /home/cactus/Programs/schrodinger2023-1
Commandline    : /home/cactus/Programs/schrodinger2023-1/glide -RESTART -serial GPX_Bacillus-subtilis_GSH-0001.inp -HOST localhost
StartTime      : 2024-12-17-00:02:12
--------------------------------------------------------------------------------

 VdW radii of ligand atoms scaled by   0.800000000000000     
 Charge cutoff for polarity   0.150000000000000     
 After readscreen, (nx, ny, nz) = (          30 ,           30 ,           30 ).
  Receptor setup: (nsites, nx, ny, nz, bsize)=(         125 ,           30 , 
          30 ,           30 ,    1.00000000000000      ).
 Screening setup finished.
 DOCKMAIN: getting receptor.
  DOCKMAIN after grid: (nx, ny, nz) = (          80 ,           80 , 
          80 ).
 DOCKMAIN: Grid setup finished
Calling OPLS_2005 atomtyping ...
Finished parameter assignment

Reading torsion control file '/home/cactus/Programs/schrodinger2023-1/glide-v9.8/bin/Linux-x86_64/../../data/torcontrol.txt':
  
  Using generalized torsion control 
  
 Number of rotatable bonds           12
 Using templates for ring conformations.

GlideScore version SP5.0 will be used

  
 Buried polar penalty      0.000
 Coulomb vdW cutoff        0.000
 H bond cutoff             0.000
 Metal-ligand cutoff      10.000
Assigning GlideScore SP5.0 parameters
Postdocking minimization: 100 poses; CvdW cutoffs   100.0 kcal/mol for min,     0.0 kcal/mol for report.
GlideScore(   -3.94)+Epik State Penalty(    0.00) =    -3.94 kcal/mol
GlideScore(   -3.83)+Epik State Penalty(    0.00) =    -3.83 kcal/mol
GlideScore(   -3.52)+Epik State Penalty(    0.00) =    -3.52 kcal/mol
GlideScore(   -3.71)+Epik State Penalty(    0.00) =    -3.71 kcal/mol
GlideScore(   -3.71)+Epik State Penalty(    0.00) =    -3.71 kcal/mol
GlideScore(   -4.19)+Epik State Penalty(    0.00) =    -4.19 kcal/mol
GlideScore(   -3.67)+Epik State Penalty(    0.00) =    -3.67 kcal/mol
GlideScore(   -3.24)+Epik State Penalty(    0.00) =    -3.24 kcal/mol
GlideScore(   -3.93)+Epik State Penalty(    0.00) =    -3.93 kcal/mol
GlideScore(   -3.40)+Epik State Penalty(    0.00) =    -3.40 kcal/mol
GlideScore(   -3.86)+Epik State Penalty(    0.00) =    -3.86 kcal/mol
GlideScore(   -3.68)+Epik State Penalty(    0.00) =    -3.68 kcal/mol
GlideScore(   -3.65)+Epik State Penalty(    0.00) =    -3.65 kcal/mol
GlideScore(   -3.88)+Epik State Penalty(    0.00) =    -3.88 kcal/mol
GlideScore(   -3.63)+Epik State Penalty(    0.00) =    -3.63 kcal/mol
GlideScore(   -3.60)+Epik State Penalty(    0.00) =    -3.60 kcal/mol
GlideScore(   -3.16)+Epik State Penalty(    0.00) =    -3.16 kcal/mol
GlideScore(   -3.01)+Epik State Penalty(    0.00) =    -3.01 kcal/mol
GlideScore(   -3.65)+Epik State Penalty(    0.00) =    -3.65 kcal/mol
GlideScore(   -3.05)+Epik State Penalty(    0.00) =    -3.05 kcal/mol
GlideScore(   -3.18)+Epik State Penalty(    0.00) =    -3.18 kcal/mol
GlideScore(   -3.51)+Epik State Penalty(    0.00) =    -3.51 kcal/mol
GlideScore(   -3.27)+Epik State Penalty(    0.00) =    -3.27 kcal/mol
GlideScore(   -3.51)+Epik State Penalty(    0.00) =    -3.51 kcal/mol
GlideScore(   -3.14)+Epik State Penalty(    0.00) =    -3.14 kcal/mol
GlideScore(   -3.23)+Epik State Penalty(    0.00) =    -3.23 kcal/mol
GlideScore(   -3.22)+Epik State Penalty(    0.00) =    -3.22 kcal/mol
GlideScore(   -3.16)+Epik State Penalty(    0.00) =    -3.16 kcal/mol
GlideScore(   -2.75)+Epik State Penalty(    0.00) =    -2.75 kcal/mol
GlideScore(   -3.06)+Epik State Penalty(    0.00) =    -3.06 kcal/mol
GlideScore(   -3.03)+Epik State Penalty(    0.00) =    -3.03 kcal/mol
GlideScore(   -3.19)+Epik State Penalty(    0.00) =    -3.19 kcal/mol
GlideScore(   -3.17)+Epik State Penalty(    0.00) =    -3.17 kcal/mol
GlideScore(   -3.61)+Epik State Penalty(    0.00) =    -3.61 kcal/mol
GlideScore(   -2.76)+Epik State Penalty(    0.00) =    -2.76 kcal/mol
GlideScore(   -3.04)+Epik State Penalty(    0.00) =    -3.04 kcal/mol
GlideScore(   -3.01)+Epik State Penalty(    0.00) =    -3.01 kcal/mol
GlideScore(   -3.67)+Epik State Penalty(    0.00) =    -3.67 kcal/mol
GlideScore(   -3.46)+Epik State Penalty(    0.00) =    -3.46 kcal/mol
GlideScore(   -3.09)+Epik State Penalty(    0.00) =    -3.09 kcal/mol
GlideScore(   -2.58)+Epik State Penalty(    0.00) =    -2.58 kcal/mol
GlideScore(   -3.07)+Epik State Penalty(    0.00) =    -3.07 kcal/mol
GlideScore(   -3.50)+Epik State Penalty(    0.00) =    -3.50 kcal/mol
GlideScore(   -3.21)+Epik State Penalty(    0.00) =    -3.21 kcal/mol
GlideScore(   -3.15)+Epik State Penalty(    0.00) =    -3.15 kcal/mol
GlideScore(   -2.96)+Epik State Penalty(    0.00) =    -2.96 kcal/mol
GlideScore(   -2.83)+Epik State Penalty(    0.00) =    -2.83 kcal/mol
GlideScore(   -2.63)+Epik State Penalty(    0.00) =    -2.63 kcal/mol
GlideScore(   -2.98)+Epik State Penalty(    0.00) =    -2.98 kcal/mol
GlideScore(   -2.98)+Epik State Penalty(    0.00) =    -2.98 kcal/mol
GlideScore(   -3.21)+Epik State Penalty(    0.00) =    -3.21 kcal/mol
GlideScore(   -2.62)+Epik State Penalty(    0.00) =    -2.62 kcal/mol
GlideScore(   -2.86)+Epik State Penalty(    0.00) =    -2.86 kcal/mol
GlideScore(   -2.95)+Epik State Penalty(    0.00) =    -2.95 kcal/mol
GlideScore(   -2.77)+Epik State Penalty(    0.00) =    -2.77 kcal/mol
GlideScore(   -3.02)+Epik State Penalty(    0.00) =    -3.02 kcal/mol
GlideScore(   -2.89)+Epik State Penalty(    0.00) =    -2.89 kcal/mol
GlideScore(   -2.74)+Epik State Penalty(    0.00) =    -2.74 kcal/mol
GlideScore(   -3.00)+Epik State Penalty(    0.00) =    -3.00 kcal/mol
GlideScore(   -3.12)+Epik State Penalty(    0.00) =    -3.12 kcal/mol
GlideScore(   -2.60)+Epik State Penalty(    0.00) =    -2.60 kcal/mol
GlideScore(   -2.96)+Epik State Penalty(    0.00) =    -2.96 kcal/mol
GlideScore(   -2.69)+Epik State Penalty(    0.00) =    -2.69 kcal/mol
GlideScore(   -3.01)+Epik State Penalty(    0.00) =    -3.01 kcal/mol
GlideScore(   -2.54)+Epik State Penalty(    0.00) =    -2.54 kcal/mol
GlideScore(   -2.38)+Epik State Penalty(    0.00) =    -2.38 kcal/mol
GlideScore(   -3.09)+Epik State Penalty(    0.00) =    -3.09 kcal/mol
GlideScore(   -2.95)+Epik State Penalty(    0.00) =    -2.95 kcal/mol
GlideScore(   -2.70)+Epik State Penalty(    0.00) =    -2.70 kcal/mol
GlideScore(   -2.56)+Epik State Penalty(    0.00) =    -2.56 kcal/mol
GlideScore(   -2.60)+Epik State Penalty(    0.00) =    -2.60 kcal/mol
GlideScore(   -2.90)+Epik State Penalty(    0.00) =    -2.90 kcal/mol
GlideScore(   -2.75)+Epik State Penalty(    0.00) =    -2.75 kcal/mol
GlideScore(   -2.78)+Epik State Penalty(    0.00) =    -2.78 kcal/mol
GlideScore(   -2.64)+Epik State Penalty(    0.00) =    -2.64 kcal/mol
GlideScore(   -2.77)+Epik State Penalty(    0.00) =    -2.77 kcal/mol
GlideScore(   -2.68)+Epik State Penalty(    0.00) =    -2.68 kcal/mol
GlideScore(   -2.41)+Epik State Penalty(    0.00) =    -2.41 kcal/mol
GlideScore(   -2.84)+Epik State Penalty(    0.00) =    -2.84 kcal/mol
GlideScore(   -2.66)+Epik State Penalty(    0.00) =    -2.66 kcal/mol
GlideScore(   -2.82)+Epik State Penalty(    0.00) =    -2.82 kcal/mol
GlideScore(   -2.54)+Epik State Penalty(    0.00) =    -2.54 kcal/mol
GlideScore(   -2.83)+Epik State Penalty(    0.00) =    -2.83 kcal/mol
GlideScore(   -2.68)+Epik State Penalty(    0.00) =    -2.68 kcal/mol
GlideScore(   -2.51)+Epik State Penalty(    0.00) =    -2.51 kcal/mol
GlideScore(   -2.51)+Epik State Penalty(    0.00) =    -2.51 kcal/mol
GlideScore(   -2.51)+Epik State Penalty(    0.00) =    -2.51 kcal/mol
GlideScore(   -2.81)+Epik State Penalty(    0.00) =    -2.81 kcal/mol
GlideScore(   -2.15)+Epik State Penalty(    0.00) =    -2.15 kcal/mol
GlideScore(   -2.59)+Epik State Penalty(    0.00) =    -2.59 kcal/mol
GlideScore(   -2.86)+Epik State Penalty(    0.00) =    -2.86 kcal/mol
GlideScore(   -2.25)+Epik State Penalty(    0.00) =    -2.25 kcal/mol
GlideScore(   -2.52)+Epik State Penalty(    0.00) =    -2.52 kcal/mol
GlideScore(   -2.47)+Epik State Penalty(    0.00) =    -2.47 kcal/mol
GlideScore(   -2.04)+Epik State Penalty(    0.00) =    -2.04 kcal/mol
GlideScore(   -1.95)+Epik State Penalty(    0.00) =    -1.95 kcal/mol
GlideScore(   -2.21)+Epik State Penalty(    0.00) =    -2.21 kcal/mol
GlideScore(   -1.91)+Epik State Penalty(    0.00) =    -1.91 kcal/mol
GlideScore(   -2.41)+Epik State Penalty(    0.00) =    -2.41 kcal/mol
DOCKING RESULTS FOR LIGAND        1 (ligand_           1)
Best Emodel=   -45.84 E=   -33.50 Eint=     2.37 GlideScore=    -3.94
  
 REPORT OF DOCKED POSES
  
 The ligand structures were written to the file
GPX_Bacillus-subtilis_GSH-0001_raw.maegz

Exiting Glide
Date: Tuesday, December 17 2024, at 00:02:43 CET
CPU time (s): 27.1 user, 0.8 system, 28.2 real
Total elapsed time = 28 seconds
######## end of GPX_Bacillus-subtilis_GSH-0001.log #########
